# JRE version: Java(TM) SE Runtime Environment (21.0.8+12) (build 21.0.8+12-LTS-250)
# Java VM: Java HotSpot(TM) 64-Bit Server VM (21.0.8+12-LTS-250, mixed mode, sharing, tiered, compressed oops, compressed class ptrs, g1 gc, windows-amd64)
GC Precious Log:
 CardTable entry size: 512
 Card Set container configuration: InlinePtr #cards 5 size 8 Array Of Cards #cards 12 size 40 Howl #buckets 4 coarsen threshold 1843 Howl Bitmap #cards 512 size 80 coarsen threshold 460 Card regions per heap region 1 cards per card region 2048
 CPUs: 4 total, 4 available
 Memory: 3736M
 Large Page Support: Disabled
 NUMA Support: Disabled
 Compressed Oops: Enabled (32-bit)
 Heap Region Size: 1M
 Heap Min Capacity: 8M
 Heap Initial Capacity: 60M
 Heap Max Capacity: 936M
 Pre-touch: Disabled
 Parallel Workers: 4
 Concurrent Workers: 1
 Concurrent Refinement Workers: 4
 Periodic GC: Disabled
Heap:
 garbage-first heap   total 60416K, used 43738K [0x00000000c5800000, 0x0000000100000000)
  region size 1024K, 14 young (14336K), 1 survivors (1024K)
 Metaspace       used 74003K, committed 74496K, reserved 1114112K
  class space    used 9838K, committed 10048K, reserved 1048576K
GC Heap History (20 events):
Event: 658.296 GC heap before
{Heap before GC invocations=22 (full 0):
 garbage-first heap   total 56320K, used 50046K [0x00000000c5800000, 0x0000000100000000)
  region size 1024K, 19 young (19456K), 2 survivors (2048K)
 Metaspace       used 72326K, committed 73088K, reserved 1114112K
  class space    used 9708K, committed 10048K, reserved 1048576K
}
Event: 658.435 GC heap after
{Heap after GC invocations=23 (full 0):
 garbage-first heap   total 56320K, used 33937K [0x00000000c5800000, 0x0000000100000000)
  region size 1024K, 3 young (3072K), 3 survivors (3072K)
 Metaspace       used 72326K, committed 73088K, reserved 1114112K
  class space    used 9708K, committed 10048K, reserved 1048576K
}
Event: 985.221 GC heap before
{Heap before GC invocations=24 (full 0):
 garbage-first heap   total 60416K, used 48273K [0x00000000c5800000, 0x0000000100000000)
  region size 1024K, 17 young (17408K), 3 survivors (3072K)
 Metaspace       used 72335K, committed 73152K, reserved 1114112K
  class space    used 9708K, committed 10048K, reserved 1048576K
}
Event: 985.346 GC heap after
{Heap after GC invocations=25 (full 0):
 garbage-first heap   total 60416K, used 33991K [0x00000000c5800000, 0x0000000100000000)
  region size 1024K, 2 young (2048K), 2 survivors (2048K)
 Metaspace       used 72335K, committed 73152K, reserved 1114112K
  class space    used 9708K, committed 10048K, reserved 1048576K
}
Event: 1440.528 GC heap before
{Heap before GC invocations=25 (full 0):
 garbage-first heap   total 60416K, used 53447K [0x00000000c5800000, 0x0000000100000000)
  region size 1024K, 21 young (21504K), 2 survivors (2048K)
 Metaspace       used 72340K, committed 73152K, reserved 1114112K
  class space    used 9708K, committed 10048K, reserved 1048576K
}
Event: 1440.664 GC heap after
{Heap after GC invocations=26 (full 0):
 garbage-first heap   total 60416K, used 33632K [0x00000000c5800000, 0x0000000100000000)
  region size 1024K, 2 young (2048K), 2 survivors (2048K)
 Metaspace       used 72340K, committed 73152K, reserved 1114112K
  class space    used 9708K, committed 10048K, reserved 1048576K
}
Event: 1865.110 GC heap before
{Heap before GC invocations=26 (full 0):
 garbage-first heap   total 60416K, used 53088K [0x00000000c5800000, 0x0000000100000000)
  region size 1024K, 21 young (21504K), 2 survivors (2048K)
 Metaspace       used 72387K, committed 73152K, reserved 1114112K
  class space    used 9717K, committed 10048K, reserved 1048576K
}
Event: 1865.186 GC heap after
{Heap after GC invocations=27 (full 0):
 garbage-first heap   total 60416K, used 34331K [0x00000000c5800000, 0x0000000100000000)
  region size 1024K, 2 young (2048K), 2 survivors (2048K)
 Metaspace       used 72387K, committed 73152K, reserved 1114112K
  class space    used 9717K, committed 10048K, reserved 1048576K
}
Event: 2307.525 GC heap before
{Heap before GC invocations=28 (full 0):
 garbage-first heap   total 60416K, used 53787K [0x00000000c5800000, 0x0000000100000000)
  region size 1024K, 21 young (21504K), 2 survivors (2048K)
 Metaspace       used 72070K, committed 73152K, reserved 1114112K
  class space    used 9624K, committed 10048K, reserved 1048576K
}
Event: 2307.597 GC heap after
{Heap after GC invocations=29 (full 0):
 garbage-first heap   total 60416K, used 34329K [0x00000000c5800000, 0x0000000100000000)
  region size 1024K, 1 young (1024K), 1 survivors (1024K)
 Metaspace       used 72070K, committed 73152K, reserved 1114112K
  class space    used 9624K, committed 10048K, reserved 1048576K
}
Event: 2748.950 GC heap before
{Heap before GC invocations=29 (full 0):
 garbage-first heap   total 60416K, used 54809K [0x00000000c5800000, 0x0000000100000000)
  region size 1024K, 21 young (21504K), 1 survivors (1024K)
 Metaspace       used 72220K, committed 73152K, reserved 1114112K
  class space    used 9635K, committed 10048K, reserved 1048576K
}
Event: 2749.231 GC heap after
{Heap after GC invocations=30 (full 0):
 garbage-first heap   total 60416K, used 32595K [0x00000000c5800000, 0x0000000100000000)
  region size 1024K, 1 young (1024K), 1 survivors (1024K)
 Metaspace       used 72220K, committed 73152K, reserved 1114112K
  class space    used 9635K, committed 10048K, reserved 1048576K
}
Event: 3274.431 GC heap before
{Heap before GC invocations=30 (full 0):
 garbage-first heap   total 60416K, used 55123K [0x00000000c5800000, 0x0000000100000000)
  region size 1024K, 23 young (23552K), 1 survivors (1024K)
 Metaspace       used 72231K, committed 73216K, reserved 1114112K
  class space    used 9635K, committed 10048K, reserved 1048576K
}
Event: 3274.738 GC heap after
{Heap after GC invocations=31 (full 0):
 garbage-first heap   total 60416K, used 32429K [0x00000000c5800000, 0x0000000100000000)
  region size 1024K, 1 young (1024K), 1 survivors (1024K)
 Metaspace       used 72231K, committed 73216K, reserved 1114112K
  class space    used 9635K, committed 10048K, reserved 1048576K
}
Event: 3299.614 GC heap before
{Heap before GC invocations=31 (full 0):
 garbage-first heap   total 60416K, used 33453K [0x00000000c5800000, 0x0000000100000000)
  region size 1024K, 2 young (2048K), 1 survivors (1024K)
 Metaspace       used 72231K, committed 73216K, reserved 1114112K
  class space    used 9635K, committed 10048K, reserved 1048576K
}
Event: 3299.798 GC heap after
{Heap after GC invocations=32 (full 0):
 garbage-first heap   total 60416K, used 31902K [0x00000000c5800000, 0x0000000100000000)
  region size 1024K, 1 young (1024K), 1 survivors (1024K)
 Metaspace       used 72231K, committed 73216K, reserved 1114112K
  class space    used 9635K, committed 10048K, reserved 1048576K
}
Event: 3768.080 GC heap before
{Heap before GC invocations=32 (full 0):
 garbage-first heap   total 60416K, used 54430K [0x00000000c5800000, 0x0000000100000000)
  region size 1024K, 23 young (23552K), 1 survivors (1024K)
 Metaspace       used 72300K, committed 73216K, reserved 1114112K
  class space    used 9635K, committed 10048K, reserved 1048576K
}
Event: 3768.219 GC heap after
{Heap after GC invocations=33 (full 0):
 garbage-first heap   total 60416K, used 32469K [0x00000000c5800000, 0x0000000100000000)
  region size 1024K, 1 young (1024K), 1 survivors (1024K)
 Metaspace       used 72300K, committed 73216K, reserved 1114112K
  class space    used 9635K, committed 10048K, reserved 1048576K
}
Event: 4260.636 GC heap before
{Heap before GC invocations=34 (full 0):
 garbage-first heap   total 60416K, used 54997K [0x00000000c5800000, 0x0000000100000000)
  region size 1024K, 23 young (23552K), 1 survivors (1024K)
 Metaspace       used 72381K, committed 73216K, reserved 1114112K
  class space    used 9635K, committed 10048K, reserved 1048576K
}
Event: 4260.760 GC heap after
{Heap after GC invocations=35 (full 0):
 garbage-first heap   total 60416K, used 32474K [0x00000000c5800000, 0x0000000100000000)
  region size 1024K, 1 young (1024K), 1 survivors (1024K)
 Metaspace       used 72381K, committed 73216K, reserved 1114112K
  class space    used 9635K, committed 10048K, reserved 1048576K
}

